<component name="libraryTable">
  <library name="junit.jupiter.api" type="repository">
    <properties maven-id="org.junit.jupiter:junit-jupiter-api:5.7.1" />
    <CLASSES />
    <JAVADOC />
    <SOURCES />
  </library>
</component>